<?xml version="1.0" encoding="UTF-8"?>
<!-- Generated by org.testng.reporters.JUnitXMLReporter -->
<testsuite ignored="0" hostname="DESKTOP-DQRDBH9" failures="0" tests="7" name="Default test" time="30.975" errors="0" timestamp="2025-12-30T11:10:57 EET">
  <testcase classname="task2.myTest" name="SignUp" time="3.169"/>
  <testcase classname="task2.myTest" name="SelectInput" time="4.878"/>
  <testcase classname="task2.myTest" name="Personalinformation" time="0.36"/>
  <testcase classname="task2.myTest" name="SelectCountry" time="8.598"/>
  <testcase classname="task2.myTest" name="Logout" time="1.156"/>
  <testcase classname="task2.myTest" name="Login" time="2.724"/>
  <testcase classname="task2.myTest" name="DeleteAccount" time="6.055"/>
</testsuite> <!-- Default test -->
