<?xml version="1.0" encoding="UTF-8"?>
<testng-results ignored="0" total="7" passed="7" failed="0" skipped="0">
  <reporter-output>
  </reporter-output>
  <suite started-at="2025-12-30T11:10:26 EET" name="Default suite" finished-at="2025-12-30T11:10:57 EET" duration-ms="30975">
    <groups>
    </groups>
    <test started-at="2025-12-30T11:10:26 EET" name="Default test" finished-at="2025-12-30T11:10:57 EET" duration-ms="30975">
      <class name="task2.myTest">
        <test-method is-config="true" signature="Mytest()[pri:0, instance:task2.myTest@4b2a01d4]" started-at="2025-12-30T11:10:26 EET" name="Mytest" finished-at="2025-12-30T11:10:30 EET" duration-ms="3992" status="PASS">
          <reporter-output>
          </reporter-output>
        </test-method> <!-- Mytest -->
        <test-method signature="SignUp()[pri:1, instance:task2.myTest@4b2a01d4]" started-at="2025-12-30T11:10:30 EET" name="SignUp" finished-at="2025-12-30T11:10:33 EET" duration-ms="3169" status="PASS">
          <reporter-output>
          </reporter-output>
        </test-method> <!-- SignUp -->
        <test-method signature="SelectInput()[pri:2, instance:task2.myTest@4b2a01d4]" started-at="2025-12-30T11:10:33 EET" name="SelectInput" finished-at="2025-12-30T11:10:38 EET" duration-ms="4878" status="PASS">
          <reporter-output>
          </reporter-output>
        </test-method> <!-- SelectInput -->
        <test-method signature="Personalinformation()[pri:3, instance:task2.myTest@4b2a01d4]" started-at="2025-12-30T11:10:38 EET" name="Personalinformation" finished-at="2025-12-30T11:10:38 EET" duration-ms="360" status="PASS">
          <reporter-output>
          </reporter-output>
        </test-method> <!-- Personalinformation -->
        <test-method signature="SelectCountry()[pri:4, instance:task2.myTest@4b2a01d4]" started-at="2025-12-30T11:10:38 EET" name="SelectCountry" finished-at="2025-12-30T11:10:47 EET" duration-ms="8598" status="PASS">
          <reporter-output>
          </reporter-output>
        </test-method> <!-- SelectCountry -->
        <test-method signature="Logout()[pri:5, instance:task2.myTest@4b2a01d4]" started-at="2025-12-30T11:10:47 EET" name="Logout" finished-at="2025-12-30T11:10:48 EET" duration-ms="1156" status="PASS">
          <reporter-output>
          </reporter-output>
        </test-method> <!-- Logout -->
        <test-method signature="Login()[pri:6, instance:task2.myTest@4b2a01d4]" started-at="2025-12-30T11:10:48 EET" name="Login" finished-at="2025-12-30T11:10:51 EET" duration-ms="2724" status="PASS">
          <reporter-output>
          </reporter-output>
        </test-method> <!-- Login -->
        <test-method signature="DeleteAccount()[pri:7, instance:task2.myTest@4b2a01d4]" started-at="2025-12-30T11:10:51 EET" name="DeleteAccount" finished-at="2025-12-30T11:10:57 EET" duration-ms="6055" status="PASS">
          <reporter-output>
          </reporter-output>
        </test-method> <!-- DeleteAccount -->
        <test-method is-config="true" signature="AfterFinishingTest()[pri:0, instance:task2.myTest@4b2a01d4]" started-at="2025-12-30T11:10:57 EET" name="AfterFinishingTest" finished-at="2025-12-30T11:10:57 EET" duration-ms="2" status="PASS">
          <reporter-output>
          </reporter-output>
        </test-method> <!-- AfterFinishingTest -->
      </class> <!-- task2.myTest -->
    </test> <!-- Default test -->
  </suite> <!-- Default suite -->
</testng-results>
