<?xml version="1.0" encoding="UTF-8"?>
<!-- Generated by org.testng.reporters.JUnitReportReporter -->
<testsuite hostname="DESKTOP-DQRDBH9" failures="0" tests="7" name="task2.myTest" time="26.940" errors="0" timestamp="2025-12-30T11:10:57 EET" skipped="0">
  <testcase classname="task2.myTest" name="SignUp" time="3.169"/>
  <testcase classname="task2.myTest" name="SelectInput" time="4.878"/>
  <testcase classname="task2.myTest" name="Personalinformation" time="0.360"/>
  <testcase classname="task2.myTest" name="SelectCountry" time="8.598"/>
  <testcase classname="task2.myTest" name="Logout" time="1.156"/>
  <testcase classname="task2.myTest" name="Login" time="2.724"/>
  <testcase classname="task2.myTest" name="DeleteAccount" time="6.055"/>
</testsuite> <!-- task2.myTest -->
