<?xml version="1.0" encoding="UTF-8"?>
<!-- Generated by org.testng.reporters.JUnitReportReporter -->
<testsuite hostname="DESKTOP-1OCJ08H" failures="0" tests="4" name="task2.Task2" time="15.154" errors="0" timestamp="2025-12-08T15:09:11 EET" skipped="0">
  <testcase classname="task2.Task2" name="SignUp" time="8.608"/>
  <testcase classname="task2.Task2" name="Logout" time="1.415"/>
  <testcase classname="task2.Task2" name="Login" time="2.123"/>
  <testcase classname="task2.Task2" name="DeleteAccount" time="3.008"/>
</testsuite> <!-- task2.Task2 -->
